BEGIN;
BEGIN
EXPLAIN
select
	l_shipmode,
	sum(case
		when o_orderpriority = '1-URGENT'
			or o_orderpriority = '2-HIGH'
			then 1
		else 0
	end) as high_line_count,
	sum(case
		when o_orderpriority <> '1-URGENT'
			and o_orderpriority <> '2-HIGH'
			then 1
		else 0
	end) as low_line_count
from
	orders,
	lineitem
where
	o_orderkey = l_orderkey
	and l_shipmode in ('SHIP', 'MAIL')
	and l_commitdate < l_receiptdate
	and l_shipdate < l_commitdate
	and l_receiptdate >= date '1995-01-01'
	and l_receiptdate < date '1995-01-01' + interval '1 year'
group by
	l_shipmode
order by
	l_shipmode;
                                                                                                          QUERY PLAN                                                                                                           
-------------------------------------------------------------------------------------------------------------------------------------------------------------------------------------------------------------------------------
 Sort  (cost=18132196.45..18132196.46 rows=1 width=27)
   Sort Key: lineitem.l_shipmode
   ->  HashAggregate  (cost=18132196.43..18132196.44 rows=1 width=27)
         Group Key: lineitem.l_shipmode
         ->  Merge Join  (cost=37.92..18081294.22 rows=2908698 width=27)
               Merge Cond: (orders.o_orderkey = lineitem.l_orderkey)
               ->  Index Scan using pk_orders on orders  (cost=0.57..6428017.45 rows=149998992 width=20)
               ->  Index Scan using lineitem_l_orderkey_idx_part1 on lineitem  (cost=0.57..11241930.81 rows=2908698 width=15)
                     Filter: ((l_shipmode = ANY ('{SHIP,MAIL}'::bpchar[])) AND (l_shipdate < l_commitdate) AND (l_receiptdate >= '1995-01-01'::date) AND (l_receiptdate < '1996-01-01 00:00:00'::timestamp without time zone))
 Planning time: 3.052 ms
(10 rows)

COMMIT;
COMMIT
